                                                           The SAS System                         17:14 Monday, October 26, 2020   1

                                                       The CONTENTS Procedure

               Data Set Name        WORK.RECS                                                Observations          0 
               Member Type          DATA                                                     Variables             0 
               Engine               V9                                                       Indexes               0 
               Created              10/26/2020 17:14:35                                      Observation Length    0 
               Last Modified        10/26/2020 17:14:35                                      Deleted Observations  0 
               Protection                                                                    Compressed            NO
               Data Set Type                                                                 Sorted                NO
               Label                                                                                                 
               Data Representation  SOLARIS_X86_64, LINUX_X86_64, ALPHA_TRU64, LINUX_IA64                            
               Encoding             latin1  Western (ISO)                                                            


                                                 Engine/Host Dependent Information

                   Data Set Page Size          65536                                                             
                   Number of Data Set Pages    1                                                                 
                   First Data Page             1                                                                 
                   Max Obs per Page            58216                                                             
                   Obs in First Data Page      0                                                                 
                   Number of Data Set Repairs  0                                                                 
                   Filename                    /tmp/SAS_workF9BE0003B19D_gl-login1.arc-ts.umich.edu/recs.sas7bdat
                   Release Created             9.0401M6                                                          
                   Host Created                Linux                                                             
                   Inode Number                4026532374                                                        
                   Access Permission           rw-rw-r--                                                         
                   Owner Name                  mkurita                                                           
                   File Size                   128KB                                                             
                   File Size (bytes)           131072                                                            
